2025-04-29 11:53:09,358 - kedro.framework.project - INFO - Using 'conf/logging.yml' as logging configuration. You can change this by setting the KEDRO_LOGGING_CONFIG environment variable accordingly.
2025-04-29 11:53:10,497 - py.warnings - WARNING - /Users/Vihangam_Agarwal/.conda/envs/ch_env/lib/python3.10/site-packages/kedro/io/data_catalog.py:165: KedroDeprecationWarning: `DataCatalog` has been deprecated and will be replaced by `KedroDataCatalog`, in Kedro 1.0.0.Currently some `KedroDataCatalog` APIs have been retained for compatibility with `DataCatalog`, including the `datasets` property and the `get_datasets`, `_get_datasets`, `add`,` list`, `add_feed_dict`, and `shallow_copy` methods. These will be removed or replaced with updated alternatives in Kedro 1.0.0. For more details, refer to the documentation: https://docs.kedro.org/en/stable/data/index.html#kedrodatacatalog-experimental-feature
  warnings.warn(

2025-04-29 11:53:10,728 - py.warnings - WARNING - /Users/Vihangam_Agarwal/.conda/envs/ch_env/lib/python3.10/site-packages/kedro/io/data_catalog.py:165: KedroDeprecationWarning: `DataCatalog` has been deprecated and will be replaced by `KedroDataCatalog`, in Kedro 1.0.0.Currently some `KedroDataCatalog` APIs have been retained for compatibility with `DataCatalog`, including the `datasets` property and the `get_datasets`, `_get_datasets`, `add`,` list`, `add_feed_dict`, and `shallow_copy` methods. These will be removed or replaced with updated alternatives in Kedro 1.0.0. For more details, refer to the documentation: https://docs.kedro.org/en/stable/data/index.html#kedrodatacatalog-experimental-feature
  warnings.warn(

2025-04-29 11:53:11,068 - kedro.framework.session.session - INFO - Kedro project ch
2025-04-29 11:53:19,819 - kedro_telemetry.plugin - INFO - Kedro is sending anonymous usage data with the sole purpose of improving the product. No personal data or IP addresses are stored on our side. If you want to opt out, set the `KEDRO_DISABLE_TELEMETRY` or `DO_NOT_TRACK` environment variables, or create a `.telemetry` file in the current working directory with the contents `consent: false`. Read more at https://docs.kedro.org/en/stable/configuration/telemetry.html
2025-04-29 12:54:18,817 - kedro.framework.project - INFO - Using 'conf/logging.yml' as logging configuration. You can change this by setting the KEDRO_LOGGING_CONFIG environment variable accordingly.
2025-04-29 12:54:19,989 - py.warnings - WARNING - /Users/Vihangam_Agarwal/.conda/envs/ch_env/lib/python3.10/site-packages/kedro/io/data_catalog.py:165: KedroDeprecationWarning: `DataCatalog` has been deprecated and will be replaced by `KedroDataCatalog`, in Kedro 1.0.0.Currently some `KedroDataCatalog` APIs have been retained for compatibility with `DataCatalog`, including the `datasets` property and the `get_datasets`, `_get_datasets`, `add`,` list`, `add_feed_dict`, and `shallow_copy` methods. These will be removed or replaced with updated alternatives in Kedro 1.0.0. For more details, refer to the documentation: https://docs.kedro.org/en/stable/data/index.html#kedrodatacatalog-experimental-feature
  warnings.warn(

2025-04-29 12:54:20,226 - py.warnings - WARNING - /Users/Vihangam_Agarwal/.conda/envs/ch_env/lib/python3.10/site-packages/kedro/io/data_catalog.py:165: KedroDeprecationWarning: `DataCatalog` has been deprecated and will be replaced by `KedroDataCatalog`, in Kedro 1.0.0.Currently some `KedroDataCatalog` APIs have been retained for compatibility with `DataCatalog`, including the `datasets` property and the `get_datasets`, `_get_datasets`, `add`,` list`, `add_feed_dict`, and `shallow_copy` methods. These will be removed or replaced with updated alternatives in Kedro 1.0.0. For more details, refer to the documentation: https://docs.kedro.org/en/stable/data/index.html#kedrodatacatalog-experimental-feature
  warnings.warn(

2025-04-29 12:54:20,568 - kedro.framework.session.session - INFO - Kedro project ch
2025-04-29 12:54:27,585 - kedro_telemetry.plugin - INFO - Kedro is sending anonymous usage data with the sole purpose of improving the product. No personal data or IP addresses are stored on our side. If you want to opt out, set the `KEDRO_DISABLE_TELEMETRY` or `DO_NOT_TRACK` environment variables, or create a `.telemetry` file in the current working directory with the contents `consent: false`. Read more at https://docs.kedro.org/en/stable/configuration/telemetry.html
2025-04-29 13:23:34,813 - kedro.framework.project - INFO - Using 'conf/logging.yml' as logging configuration. You can change this by setting the KEDRO_LOGGING_CONFIG environment variable accordingly.
2025-04-29 13:23:35,849 - py.warnings - WARNING - /Users/Vihangam_Agarwal/.conda/envs/ch_env/lib/python3.10/site-packages/kedro/io/data_catalog.py:165: KedroDeprecationWarning: `DataCatalog` has been deprecated and will be replaced by `KedroDataCatalog`, in Kedro 1.0.0.Currently some `KedroDataCatalog` APIs have been retained for compatibility with `DataCatalog`, including the `datasets` property and the `get_datasets`, `_get_datasets`, `add`,` list`, `add_feed_dict`, and `shallow_copy` methods. These will be removed or replaced with updated alternatives in Kedro 1.0.0. For more details, refer to the documentation: https://docs.kedro.org/en/stable/data/index.html#kedrodatacatalog-experimental-feature
  warnings.warn(

2025-04-29 13:23:36,337 - py.warnings - WARNING - /Users/Vihangam_Agarwal/.conda/envs/ch_env/lib/python3.10/site-packages/kedro/io/data_catalog.py:165: KedroDeprecationWarning: `DataCatalog` has been deprecated and will be replaced by `KedroDataCatalog`, in Kedro 1.0.0.Currently some `KedroDataCatalog` APIs have been retained for compatibility with `DataCatalog`, including the `datasets` property and the `get_datasets`, `_get_datasets`, `add`,` list`, `add_feed_dict`, and `shallow_copy` methods. These will be removed or replaced with updated alternatives in Kedro 1.0.0. For more details, refer to the documentation: https://docs.kedro.org/en/stable/data/index.html#kedrodatacatalog-experimental-feature
  warnings.warn(

2025-04-29 13:23:36,603 - kedro.framework.session.session - INFO - Kedro project ch
2025-04-29 13:23:43,363 - kedro_telemetry.plugin - INFO - Kedro is sending anonymous usage data with the sole purpose of improving the product. No personal data or IP addresses are stored on our side. If you want to opt out, set the `KEDRO_DISABLE_TELEMETRY` or `DO_NOT_TRACK` environment variables, or create a `.telemetry` file in the current working directory with the contents `consent: false`. Read more at https://docs.kedro.org/en/stable/configuration/telemetry.html
2025-04-29 13:25:17,589 - kedro.framework.project - INFO - Using 'conf/logging.yml' as logging configuration. You can change this by setting the KEDRO_LOGGING_CONFIG environment variable accordingly.
2025-04-29 13:25:17,964 - py.warnings - WARNING - /Users/Vihangam_Agarwal/.conda/envs/ch_env/lib/python3.10/site-packages/kedro/io/data_catalog.py:165: KedroDeprecationWarning: `DataCatalog` has been deprecated and will be replaced by `KedroDataCatalog`, in Kedro 1.0.0.Currently some `KedroDataCatalog` APIs have been retained for compatibility with `DataCatalog`, including the `datasets` property and the `get_datasets`, `_get_datasets`, `add`,` list`, `add_feed_dict`, and `shallow_copy` methods. These will be removed or replaced with updated alternatives in Kedro 1.0.0. For more details, refer to the documentation: https://docs.kedro.org/en/stable/data/index.html#kedrodatacatalog-experimental-feature
  warnings.warn(

2025-04-29 13:25:18,176 - py.warnings - WARNING - /Users/Vihangam_Agarwal/.conda/envs/ch_env/lib/python3.10/site-packages/kedro/io/data_catalog.py:165: KedroDeprecationWarning: `DataCatalog` has been deprecated and will be replaced by `KedroDataCatalog`, in Kedro 1.0.0.Currently some `KedroDataCatalog` APIs have been retained for compatibility with `DataCatalog`, including the `datasets` property and the `get_datasets`, `_get_datasets`, `add`,` list`, `add_feed_dict`, and `shallow_copy` methods. These will be removed or replaced with updated alternatives in Kedro 1.0.0. For more details, refer to the documentation: https://docs.kedro.org/en/stable/data/index.html#kedrodatacatalog-experimental-feature
  warnings.warn(

2025-04-29 13:25:18,349 - kedro.framework.session.session - INFO - Kedro project ch
2025-04-29 13:25:22,795 - kedro_telemetry.plugin - INFO - Kedro is sending anonymous usage data with the sole purpose of improving the product. No personal data or IP addresses are stored on our side. If you want to opt out, set the `KEDRO_DISABLE_TELEMETRY` or `DO_NOT_TRACK` environment variables, or create a `.telemetry` file in the current working directory with the contents `consent: false`. Read more at https://docs.kedro.org/en/stable/configuration/telemetry.html
2025-04-29 13:26:06,227 - kedro.framework.project - INFO - Using 'conf/logging.yml' as logging configuration. You can change this by setting the KEDRO_LOGGING_CONFIG environment variable accordingly.
2025-04-29 13:26:06,543 - py.warnings - WARNING - /Users/Vihangam_Agarwal/.conda/envs/ch_env/lib/python3.10/site-packages/kedro/io/data_catalog.py:165: KedroDeprecationWarning: `DataCatalog` has been deprecated and will be replaced by `KedroDataCatalog`, in Kedro 1.0.0.Currently some `KedroDataCatalog` APIs have been retained for compatibility with `DataCatalog`, including the `datasets` property and the `get_datasets`, `_get_datasets`, `add`,` list`, `add_feed_dict`, and `shallow_copy` methods. These will be removed or replaced with updated alternatives in Kedro 1.0.0. For more details, refer to the documentation: https://docs.kedro.org/en/stable/data/index.html#kedrodatacatalog-experimental-feature
  warnings.warn(

2025-04-29 13:26:06,746 - py.warnings - WARNING - /Users/Vihangam_Agarwal/.conda/envs/ch_env/lib/python3.10/site-packages/kedro/io/data_catalog.py:165: KedroDeprecationWarning: `DataCatalog` has been deprecated and will be replaced by `KedroDataCatalog`, in Kedro 1.0.0.Currently some `KedroDataCatalog` APIs have been retained for compatibility with `DataCatalog`, including the `datasets` property and the `get_datasets`, `_get_datasets`, `add`,` list`, `add_feed_dict`, and `shallow_copy` methods. These will be removed or replaced with updated alternatives in Kedro 1.0.0. For more details, refer to the documentation: https://docs.kedro.org/en/stable/data/index.html#kedrodatacatalog-experimental-feature
  warnings.warn(

2025-04-29 13:26:06,940 - kedro.framework.session.session - INFO - Kedro project ch
2025-04-29 13:26:10,361 - kedro_telemetry.plugin - INFO - Kedro is sending anonymous usage data with the sole purpose of improving the product. No personal data or IP addresses are stored on our side. If you want to opt out, set the `KEDRO_DISABLE_TELEMETRY` or `DO_NOT_TRACK` environment variables, or create a `.telemetry` file in the current working directory with the contents `consent: false`. Read more at https://docs.kedro.org/en/stable/configuration/telemetry.html
2025-04-29 13:26:26,585 - kedro.framework.project - INFO - Using 'conf/logging.yml' as logging configuration. You can change this by setting the KEDRO_LOGGING_CONFIG environment variable accordingly.
2025-04-29 13:26:26,936 - py.warnings - WARNING - /Users/Vihangam_Agarwal/.conda/envs/ch_env/lib/python3.10/site-packages/kedro/io/data_catalog.py:165: KedroDeprecationWarning: `DataCatalog` has been deprecated and will be replaced by `KedroDataCatalog`, in Kedro 1.0.0.Currently some `KedroDataCatalog` APIs have been retained for compatibility with `DataCatalog`, including the `datasets` property and the `get_datasets`, `_get_datasets`, `add`,` list`, `add_feed_dict`, and `shallow_copy` methods. These will be removed or replaced with updated alternatives in Kedro 1.0.0. For more details, refer to the documentation: https://docs.kedro.org/en/stable/data/index.html#kedrodatacatalog-experimental-feature
  warnings.warn(

2025-04-29 13:26:27,179 - py.warnings - WARNING - /Users/Vihangam_Agarwal/.conda/envs/ch_env/lib/python3.10/site-packages/kedro/io/data_catalog.py:165: KedroDeprecationWarning: `DataCatalog` has been deprecated and will be replaced by `KedroDataCatalog`, in Kedro 1.0.0.Currently some `KedroDataCatalog` APIs have been retained for compatibility with `DataCatalog`, including the `datasets` property and the `get_datasets`, `_get_datasets`, `add`,` list`, `add_feed_dict`, and `shallow_copy` methods. These will be removed or replaced with updated alternatives in Kedro 1.0.0. For more details, refer to the documentation: https://docs.kedro.org/en/stable/data/index.html#kedrodatacatalog-experimental-feature
  warnings.warn(

2025-04-29 13:26:27,355 - kedro.framework.session.session - INFO - Kedro project ch
2025-04-29 13:26:30,791 - kedro_telemetry.plugin - INFO - Kedro is sending anonymous usage data with the sole purpose of improving the product. No personal data or IP addresses are stored on our side. If you want to opt out, set the `KEDRO_DISABLE_TELEMETRY` or `DO_NOT_TRACK` environment variables, or create a `.telemetry` file in the current working directory with the contents `consent: false`. Read more at https://docs.kedro.org/en/stable/configuration/telemetry.html
2025-04-29 13:26:56,490 - kedro.framework.project - INFO - Using 'conf/logging.yml' as logging configuration. You can change this by setting the KEDRO_LOGGING_CONFIG environment variable accordingly.
2025-04-29 13:26:56,802 - py.warnings - WARNING - /Users/Vihangam_Agarwal/.conda/envs/ch_env/lib/python3.10/site-packages/kedro/io/data_catalog.py:165: KedroDeprecationWarning: `DataCatalog` has been deprecated and will be replaced by `KedroDataCatalog`, in Kedro 1.0.0.Currently some `KedroDataCatalog` APIs have been retained for compatibility with `DataCatalog`, including the `datasets` property and the `get_datasets`, `_get_datasets`, `add`,` list`, `add_feed_dict`, and `shallow_copy` methods. These will be removed or replaced with updated alternatives in Kedro 1.0.0. For more details, refer to the documentation: https://docs.kedro.org/en/stable/data/index.html#kedrodatacatalog-experimental-feature
  warnings.warn(

2025-04-29 13:26:56,998 - py.warnings - WARNING - /Users/Vihangam_Agarwal/.conda/envs/ch_env/lib/python3.10/site-packages/kedro/io/data_catalog.py:165: KedroDeprecationWarning: `DataCatalog` has been deprecated and will be replaced by `KedroDataCatalog`, in Kedro 1.0.0.Currently some `KedroDataCatalog` APIs have been retained for compatibility with `DataCatalog`, including the `datasets` property and the `get_datasets`, `_get_datasets`, `add`,` list`, `add_feed_dict`, and `shallow_copy` methods. These will be removed or replaced with updated alternatives in Kedro 1.0.0. For more details, refer to the documentation: https://docs.kedro.org/en/stable/data/index.html#kedrodatacatalog-experimental-feature
  warnings.warn(

2025-04-29 13:26:57,218 - kedro.framework.session.session - INFO - Kedro project ch
2025-04-29 13:27:01,249 - kedro_telemetry.plugin - INFO - Kedro is sending anonymous usage data with the sole purpose of improving the product. No personal data or IP addresses are stored on our side. If you want to opt out, set the `KEDRO_DISABLE_TELEMETRY` or `DO_NOT_TRACK` environment variables, or create a `.telemetry` file in the current working directory with the contents `consent: false`. Read more at https://docs.kedro.org/en/stable/configuration/telemetry.html
2025-04-29 13:27:14,546 - kedro.framework.project - INFO - Using 'conf/logging.yml' as logging configuration. You can change this by setting the KEDRO_LOGGING_CONFIG environment variable accordingly.
2025-04-29 13:27:14,889 - py.warnings - WARNING - /Users/Vihangam_Agarwal/.conda/envs/ch_env/lib/python3.10/site-packages/kedro/io/data_catalog.py:165: KedroDeprecationWarning: `DataCatalog` has been deprecated and will be replaced by `KedroDataCatalog`, in Kedro 1.0.0.Currently some `KedroDataCatalog` APIs have been retained for compatibility with `DataCatalog`, including the `datasets` property and the `get_datasets`, `_get_datasets`, `add`,` list`, `add_feed_dict`, and `shallow_copy` methods. These will be removed or replaced with updated alternatives in Kedro 1.0.0. For more details, refer to the documentation: https://docs.kedro.org/en/stable/data/index.html#kedrodatacatalog-experimental-feature
  warnings.warn(

2025-04-29 13:27:15,095 - py.warnings - WARNING - /Users/Vihangam_Agarwal/.conda/envs/ch_env/lib/python3.10/site-packages/kedro/io/data_catalog.py:165: KedroDeprecationWarning: `DataCatalog` has been deprecated and will be replaced by `KedroDataCatalog`, in Kedro 1.0.0.Currently some `KedroDataCatalog` APIs have been retained for compatibility with `DataCatalog`, including the `datasets` property and the `get_datasets`, `_get_datasets`, `add`,` list`, `add_feed_dict`, and `shallow_copy` methods. These will be removed or replaced with updated alternatives in Kedro 1.0.0. For more details, refer to the documentation: https://docs.kedro.org/en/stable/data/index.html#kedrodatacatalog-experimental-feature
  warnings.warn(

2025-04-29 13:27:15,282 - kedro.framework.session.session - INFO - Kedro project ch
2025-04-29 13:27:18,696 - kedro_telemetry.plugin - INFO - Kedro is sending anonymous usage data with the sole purpose of improving the product. No personal data or IP addresses are stored on our side. If you want to opt out, set the `KEDRO_DISABLE_TELEMETRY` or `DO_NOT_TRACK` environment variables, or create a `.telemetry` file in the current working directory with the contents `consent: false`. Read more at https://docs.kedro.org/en/stable/configuration/telemetry.html
2025-04-29 13:28:16,566 - kedro.framework.project - INFO - Using 'conf/logging.yml' as logging configuration. You can change this by setting the KEDRO_LOGGING_CONFIG environment variable accordingly.
2025-04-29 13:28:16,881 - py.warnings - WARNING - /Users/Vihangam_Agarwal/.conda/envs/ch_env/lib/python3.10/site-packages/kedro/io/data_catalog.py:165: KedroDeprecationWarning: `DataCatalog` has been deprecated and will be replaced by `KedroDataCatalog`, in Kedro 1.0.0.Currently some `KedroDataCatalog` APIs have been retained for compatibility with `DataCatalog`, including the `datasets` property and the `get_datasets`, `_get_datasets`, `add`,` list`, `add_feed_dict`, and `shallow_copy` methods. These will be removed or replaced with updated alternatives in Kedro 1.0.0. For more details, refer to the documentation: https://docs.kedro.org/en/stable/data/index.html#kedrodatacatalog-experimental-feature
  warnings.warn(

2025-04-29 13:28:17,077 - py.warnings - WARNING - /Users/Vihangam_Agarwal/.conda/envs/ch_env/lib/python3.10/site-packages/kedro/io/data_catalog.py:165: KedroDeprecationWarning: `DataCatalog` has been deprecated and will be replaced by `KedroDataCatalog`, in Kedro 1.0.0.Currently some `KedroDataCatalog` APIs have been retained for compatibility with `DataCatalog`, including the `datasets` property and the `get_datasets`, `_get_datasets`, `add`,` list`, `add_feed_dict`, and `shallow_copy` methods. These will be removed or replaced with updated alternatives in Kedro 1.0.0. For more details, refer to the documentation: https://docs.kedro.org/en/stable/data/index.html#kedrodatacatalog-experimental-feature
  warnings.warn(

2025-04-29 13:28:17,239 - kedro.framework.session.session - INFO - Kedro project ch
2025-04-29 13:28:21,165 - py.warnings - WARNING - /Users/Vihangam_Agarwal/.conda/envs/ch_env/lib/python3.10/site-packages/kedro/io/data_catalog.py:165: KedroDeprecationWarning: `DataCatalog` has been deprecated and will be replaced by `KedroDataCatalog`, in Kedro 1.0.0.Currently some `KedroDataCatalog` APIs have been retained for compatibility with `DataCatalog`, including the `datasets` property and the `get_datasets`, `_get_datasets`, `add`,` list`, `add_feed_dict`, and `shallow_copy` methods. These will be removed or replaced with updated alternatives in Kedro 1.0.0. For more details, refer to the documentation: https://docs.kedro.org/en/stable/data/index.html#kedrodatacatalog-experimental-feature
  warnings.warn(

2025-04-29 13:28:21,183 - kedro_telemetry.plugin - INFO - Kedro is sending anonymous usage data with the sole purpose of improving the product. No personal data or IP addresses are stored on our side. If you want to opt out, set the `KEDRO_DISABLE_TELEMETRY` or `DO_NOT_TRACK` environment variables, or create a `.telemetry` file in the current working directory with the contents `consent: false`. Read more at https://docs.kedro.org/en/stable/configuration/telemetry.html
2025-04-29 19:22:33,582 - kedro.framework.project - INFO - Using 'conf/logging.yml' as logging configuration. You can change this by setting the KEDRO_LOGGING_CONFIG environment variable accordingly.
2025-04-29 19:22:35,132 - py.warnings - WARNING - /Users/Vihangam_Agarwal/.conda/envs/ch_env/lib/python3.10/site-packages/kedro/io/data_catalog.py:165: KedroDeprecationWarning: `DataCatalog` has been deprecated and will be replaced by `KedroDataCatalog`, in Kedro 1.0.0.Currently some `KedroDataCatalog` APIs have been retained for compatibility with `DataCatalog`, including the `datasets` property and the `get_datasets`, `_get_datasets`, `add`,` list`, `add_feed_dict`, and `shallow_copy` methods. These will be removed or replaced with updated alternatives in Kedro 1.0.0. For more details, refer to the documentation: https://docs.kedro.org/en/stable/data/index.html#kedrodatacatalog-experimental-feature
  warnings.warn(

2025-04-29 19:22:35,931 - py.warnings - WARNING - /Users/Vihangam_Agarwal/.conda/envs/ch_env/lib/python3.10/site-packages/kedro/io/data_catalog.py:165: KedroDeprecationWarning: `DataCatalog` has been deprecated and will be replaced by `KedroDataCatalog`, in Kedro 1.0.0.Currently some `KedroDataCatalog` APIs have been retained for compatibility with `DataCatalog`, including the `datasets` property and the `get_datasets`, `_get_datasets`, `add`,` list`, `add_feed_dict`, and `shallow_copy` methods. These will be removed or replaced with updated alternatives in Kedro 1.0.0. For more details, refer to the documentation: https://docs.kedro.org/en/stable/data/index.html#kedrodatacatalog-experimental-feature
  warnings.warn(

2025-04-29 19:22:36,364 - kedro.framework.session.session - INFO - Kedro project ch
2025-04-29 19:22:43,977 - py.warnings - WARNING - /Users/Vihangam_Agarwal/.conda/envs/ch_env/lib/python3.10/site-packages/kedro/io/data_catalog.py:165: KedroDeprecationWarning: `DataCatalog` has been deprecated and will be replaced by `KedroDataCatalog`, in Kedro 1.0.0.Currently some `KedroDataCatalog` APIs have been retained for compatibility with `DataCatalog`, including the `datasets` property and the `get_datasets`, `_get_datasets`, `add`,` list`, `add_feed_dict`, and `shallow_copy` methods. These will be removed or replaced with updated alternatives in Kedro 1.0.0. For more details, refer to the documentation: https://docs.kedro.org/en/stable/data/index.html#kedrodatacatalog-experimental-feature
  warnings.warn(

2025-04-29 19:22:43,992 - kedro_telemetry.plugin - INFO - Kedro is sending anonymous usage data with the sole purpose of improving the product. No personal data or IP addresses are stored on our side. If you want to opt out, set the `KEDRO_DISABLE_TELEMETRY` or `DO_NOT_TRACK` environment variables, or create a `.telemetry` file in the current working directory with the contents `consent: false`. Read more at https://docs.kedro.org/en/stable/configuration/telemetry.html
2025-04-29 19:22:46,436 - kedro.runner.sequential_runner - INFO - Using synchronous mode for loading and saving data. Use the --async flag for potential performance gains. https://docs.kedro.org/en/stable/nodes_and_pipelines/run_a_pipeline.html#load-and-save-asynchronously
2025-04-29 19:22:46,439 - kedro.io.data_catalog - INFO - Loading data from conditions (ExcelDataset)...
2025-04-29 19:22:47,939 - kedro.pipeline.node - INFO - Running node: write_conditions_to_db: write_to_db([conditions]) -> [t_conditions]
2025-04-29 19:22:47,950 - kedro.io.data_catalog - INFO - Saving data to t_conditions (SQLTableDataset)...
2025-04-29 19:22:48,053 - kedro.runner.sequential_runner - WARNING - No nodes ran. Repeat the previous command to attempt a new run.
2025-04-29 19:23:33,351 - kedro.framework.project - INFO - Using 'conf/logging.yml' as logging configuration. You can change this by setting the KEDRO_LOGGING_CONFIG environment variable accordingly.
2025-04-29 19:23:34,932 - py.warnings - WARNING - /Users/Vihangam_Agarwal/.conda/envs/ch_env/lib/python3.10/site-packages/kedro/io/data_catalog.py:165: KedroDeprecationWarning: `DataCatalog` has been deprecated and will be replaced by `KedroDataCatalog`, in Kedro 1.0.0.Currently some `KedroDataCatalog` APIs have been retained for compatibility with `DataCatalog`, including the `datasets` property and the `get_datasets`, `_get_datasets`, `add`,` list`, `add_feed_dict`, and `shallow_copy` methods. These will be removed or replaced with updated alternatives in Kedro 1.0.0. For more details, refer to the documentation: https://docs.kedro.org/en/stable/data/index.html#kedrodatacatalog-experimental-feature
  warnings.warn(

2025-04-29 19:23:35,648 - py.warnings - WARNING - /Users/Vihangam_Agarwal/.conda/envs/ch_env/lib/python3.10/site-packages/kedro/io/data_catalog.py:165: KedroDeprecationWarning: `DataCatalog` has been deprecated and will be replaced by `KedroDataCatalog`, in Kedro 1.0.0.Currently some `KedroDataCatalog` APIs have been retained for compatibility with `DataCatalog`, including the `datasets` property and the `get_datasets`, `_get_datasets`, `add`,` list`, `add_feed_dict`, and `shallow_copy` methods. These will be removed or replaced with updated alternatives in Kedro 1.0.0. For more details, refer to the documentation: https://docs.kedro.org/en/stable/data/index.html#kedrodatacatalog-experimental-feature
  warnings.warn(

2025-04-29 19:23:35,997 - kedro.framework.session.session - INFO - Kedro project ch
2025-04-29 19:23:42,611 - py.warnings - WARNING - /Users/Vihangam_Agarwal/.conda/envs/ch_env/lib/python3.10/site-packages/kedro/io/data_catalog.py:165: KedroDeprecationWarning: `DataCatalog` has been deprecated and will be replaced by `KedroDataCatalog`, in Kedro 1.0.0.Currently some `KedroDataCatalog` APIs have been retained for compatibility with `DataCatalog`, including the `datasets` property and the `get_datasets`, `_get_datasets`, `add`,` list`, `add_feed_dict`, and `shallow_copy` methods. These will be removed or replaced with updated alternatives in Kedro 1.0.0. For more details, refer to the documentation: https://docs.kedro.org/en/stable/data/index.html#kedrodatacatalog-experimental-feature
  warnings.warn(

2025-04-29 19:23:42,627 - kedro_telemetry.plugin - INFO - Kedro is sending anonymous usage data with the sole purpose of improving the product. No personal data or IP addresses are stored on our side. If you want to opt out, set the `KEDRO_DISABLE_TELEMETRY` or `DO_NOT_TRACK` environment variables, or create a `.telemetry` file in the current working directory with the contents `consent: false`. Read more at https://docs.kedro.org/en/stable/configuration/telemetry.html
2025-04-29 19:23:45,032 - kedro.runner.sequential_runner - INFO - Using synchronous mode for loading and saving data. Use the --async flag for potential performance gains. https://docs.kedro.org/en/stable/nodes_and_pipelines/run_a_pipeline.html#load-and-save-asynchronously
2025-04-29 19:23:45,036 - kedro.io.data_catalog - INFO - Loading data from conditions (ExcelDataset)...
2025-04-29 19:23:46,232 - kedro.pipeline.node - INFO - Running node: write_conditions_to_db: write_to_db([conditions]) -> [t_conditions]
2025-04-29 19:23:46,243 - kedro.io.data_catalog - INFO - Saving data to t_conditions (SQLTableDataset)...
2025-04-29 19:23:47,053 - kedro.runner.sequential_runner - WARNING - No nodes ran. Repeat the previous command to attempt a new run.
2025-04-29 19:24:58,430 - kedro.framework.project - INFO - Using 'conf/logging.yml' as logging configuration. You can change this by setting the KEDRO_LOGGING_CONFIG environment variable accordingly.
2025-04-29 19:24:58,825 - py.warnings - WARNING - /Users/Vihangam_Agarwal/.conda/envs/ch_env/lib/python3.10/site-packages/kedro/io/data_catalog.py:165: KedroDeprecationWarning: `DataCatalog` has been deprecated and will be replaced by `KedroDataCatalog`, in Kedro 1.0.0.Currently some `KedroDataCatalog` APIs have been retained for compatibility with `DataCatalog`, including the `datasets` property and the `get_datasets`, `_get_datasets`, `add`,` list`, `add_feed_dict`, and `shallow_copy` methods. These will be removed or replaced with updated alternatives in Kedro 1.0.0. For more details, refer to the documentation: https://docs.kedro.org/en/stable/data/index.html#kedrodatacatalog-experimental-feature
  warnings.warn(

2025-04-29 19:24:59,058 - py.warnings - WARNING - /Users/Vihangam_Agarwal/.conda/envs/ch_env/lib/python3.10/site-packages/kedro/io/data_catalog.py:165: KedroDeprecationWarning: `DataCatalog` has been deprecated and will be replaced by `KedroDataCatalog`, in Kedro 1.0.0.Currently some `KedroDataCatalog` APIs have been retained for compatibility with `DataCatalog`, including the `datasets` property and the `get_datasets`, `_get_datasets`, `add`,` list`, `add_feed_dict`, and `shallow_copy` methods. These will be removed or replaced with updated alternatives in Kedro 1.0.0. For more details, refer to the documentation: https://docs.kedro.org/en/stable/data/index.html#kedrodatacatalog-experimental-feature
  warnings.warn(

2025-04-29 19:24:59,282 - kedro.framework.session.session - INFO - Kedro project ch
2025-04-29 19:25:03,725 - py.warnings - WARNING - /Users/Vihangam_Agarwal/.conda/envs/ch_env/lib/python3.10/site-packages/kedro/io/data_catalog.py:165: KedroDeprecationWarning: `DataCatalog` has been deprecated and will be replaced by `KedroDataCatalog`, in Kedro 1.0.0.Currently some `KedroDataCatalog` APIs have been retained for compatibility with `DataCatalog`, including the `datasets` property and the `get_datasets`, `_get_datasets`, `add`,` list`, `add_feed_dict`, and `shallow_copy` methods. These will be removed or replaced with updated alternatives in Kedro 1.0.0. For more details, refer to the documentation: https://docs.kedro.org/en/stable/data/index.html#kedrodatacatalog-experimental-feature
  warnings.warn(

2025-04-29 19:25:03,735 - kedro_telemetry.plugin - INFO - Kedro is sending anonymous usage data with the sole purpose of improving the product. No personal data or IP addresses are stored on our side. If you want to opt out, set the `KEDRO_DISABLE_TELEMETRY` or `DO_NOT_TRACK` environment variables, or create a `.telemetry` file in the current working directory with the contents `consent: false`. Read more at https://docs.kedro.org/en/stable/configuration/telemetry.html
2025-04-29 19:25:04,814 - kedro.runner.sequential_runner - INFO - Using synchronous mode for loading and saving data. Use the --async flag for potential performance gains. https://docs.kedro.org/en/stable/nodes_and_pipelines/run_a_pipeline.html#load-and-save-asynchronously
2025-04-29 19:25:04,817 - kedro.io.data_catalog - INFO - Loading data from conditions (ExcelDataset)...
2025-04-29 19:25:05,355 - kedro.pipeline.node - INFO - Running node: write_conditions_to_db: write_to_db([conditions]) -> [t_conditions]
2025-04-29 19:25:05,366 - kedro.io.data_catalog - INFO - Saving data to t_conditions (SQLTableDataset)...
2025-04-29 19:25:05,431 - kedro.runner.sequential_runner - WARNING - No nodes ran. Repeat the previous command to attempt a new run.
2025-04-29 19:27:28,575 - kedro.framework.project - INFO - Using 'conf/logging.yml' as logging configuration. You can change this by setting the KEDRO_LOGGING_CONFIG environment variable accordingly.
2025-04-29 19:27:28,993 - py.warnings - WARNING - /Users/Vihangam_Agarwal/.conda/envs/ch_env/lib/python3.10/site-packages/kedro/io/data_catalog.py:165: KedroDeprecationWarning: `DataCatalog` has been deprecated and will be replaced by `KedroDataCatalog`, in Kedro 1.0.0.Currently some `KedroDataCatalog` APIs have been retained for compatibility with `DataCatalog`, including the `datasets` property and the `get_datasets`, `_get_datasets`, `add`,` list`, `add_feed_dict`, and `shallow_copy` methods. These will be removed or replaced with updated alternatives in Kedro 1.0.0. For more details, refer to the documentation: https://docs.kedro.org/en/stable/data/index.html#kedrodatacatalog-experimental-feature
  warnings.warn(

2025-04-29 19:27:29,278 - py.warnings - WARNING - /Users/Vihangam_Agarwal/.conda/envs/ch_env/lib/python3.10/site-packages/kedro/io/data_catalog.py:165: KedroDeprecationWarning: `DataCatalog` has been deprecated and will be replaced by `KedroDataCatalog`, in Kedro 1.0.0.Currently some `KedroDataCatalog` APIs have been retained for compatibility with `DataCatalog`, including the `datasets` property and the `get_datasets`, `_get_datasets`, `add`,` list`, `add_feed_dict`, and `shallow_copy` methods. These will be removed or replaced with updated alternatives in Kedro 1.0.0. For more details, refer to the documentation: https://docs.kedro.org/en/stable/data/index.html#kedrodatacatalog-experimental-feature
  warnings.warn(

2025-04-29 19:27:29,501 - kedro.framework.session.session - INFO - Kedro project ch
2025-04-29 19:27:34,210 - py.warnings - WARNING - /Users/Vihangam_Agarwal/.conda/envs/ch_env/lib/python3.10/site-packages/kedro/io/data_catalog.py:165: KedroDeprecationWarning: `DataCatalog` has been deprecated and will be replaced by `KedroDataCatalog`, in Kedro 1.0.0.Currently some `KedroDataCatalog` APIs have been retained for compatibility with `DataCatalog`, including the `datasets` property and the `get_datasets`, `_get_datasets`, `add`,` list`, `add_feed_dict`, and `shallow_copy` methods. These will be removed or replaced with updated alternatives in Kedro 1.0.0. For more details, refer to the documentation: https://docs.kedro.org/en/stable/data/index.html#kedrodatacatalog-experimental-feature
  warnings.warn(

2025-04-29 19:27:34,220 - kedro_telemetry.plugin - INFO - Kedro is sending anonymous usage data with the sole purpose of improving the product. No personal data or IP addresses are stored on our side. If you want to opt out, set the `KEDRO_DISABLE_TELEMETRY` or `DO_NOT_TRACK` environment variables, or create a `.telemetry` file in the current working directory with the contents `consent: false`. Read more at https://docs.kedro.org/en/stable/configuration/telemetry.html
2025-04-29 19:27:35,302 - kedro.runner.sequential_runner - INFO - Using synchronous mode for loading and saving data. Use the --async flag for potential performance gains. https://docs.kedro.org/en/stable/nodes_and_pipelines/run_a_pipeline.html#load-and-save-asynchronously
2025-04-29 19:27:35,307 - kedro.io.data_catalog - INFO - Loading data from conditions (ExcelDataset)...
2025-04-29 19:27:35,870 - kedro.pipeline.node - INFO - Running node: write_conditions_to_db: write_to_db([conditions]) -> [t_conditions]
2025-04-29 19:27:35,880 - kedro.io.data_catalog - INFO - Saving data to t_conditions (SQLTableDataset)...
2025-04-29 19:27:43,818 - kedro.runner.sequential_runner - INFO - Completed node: write_conditions_to_db
2025-04-29 19:27:43,819 - kedro.runner.sequential_runner - INFO - Completed 1 out of 6 tasks
2025-04-29 19:27:43,819 - kedro.io.data_catalog - INFO - Loading data from encounters (ParquetDataset)...
2025-04-29 19:27:44,227 - kedro.pipeline.node - INFO - Running node: write_encounters_to_db: write_to_db([encounters]) -> [t_encounters]
2025-04-29 19:27:44,253 - kedro.io.data_catalog - INFO - Saving data to t_encounters (SQLTableDataset)...
2025-04-29 19:27:48,216 - kedro.runner.sequential_runner - INFO - Completed node: write_encounters_to_db
2025-04-29 19:27:48,217 - kedro.runner.sequential_runner - INFO - Completed 2 out of 6 tasks
2025-04-29 19:27:48,218 - kedro.io.data_catalog - INFO - Loading data from medications (CSVDataset)...
2025-04-29 19:27:48,294 - kedro.pipeline.node - INFO - Running node: write_medications_to_db: write_to_db([medications]) -> [t_medications]
2025-04-29 19:27:48,317 - kedro.io.data_catalog - INFO - Saving data to t_medications (SQLTableDataset)...
2025-04-29 19:27:49,119 - kedro.runner.sequential_runner - INFO - Completed node: write_medications_to_db
2025-04-29 19:27:49,120 - kedro.runner.sequential_runner - INFO - Completed 3 out of 6 tasks
2025-04-29 19:27:49,121 - kedro.io.data_catalog - INFO - Loading data from patients (CSVDataset)...
2025-04-29 19:27:49,191 - kedro.pipeline.node - INFO - Running node: write_patients_to_db: write_to_db([patients]) -> [t_patients]
2025-04-29 19:27:49,227 - kedro.io.data_catalog - INFO - Saving data to t_patients (SQLTableDataset)...
2025-04-29 19:27:49,963 - kedro.runner.sequential_runner - INFO - Completed node: write_patients_to_db
2025-04-29 19:27:49,964 - kedro.runner.sequential_runner - INFO - Completed 4 out of 6 tasks
2025-04-29 19:27:49,965 - kedro.io.data_catalog - INFO - Loading data from symptoms (CSVDataset)...
2025-04-29 19:27:49,984 - kedro.pipeline.node - INFO - Running node: write_symptoms_to_db: write_to_db([symptoms]) -> [t_symptoms]
2025-04-29 19:27:50,001 - kedro.io.data_catalog - INFO - Saving data to t_symptoms (SQLTableDataset)...
2025-04-29 19:27:50,044 - kedro.runner.sequential_runner - INFO - Completed node: write_symptoms_to_db
2025-04-29 19:27:50,045 - kedro.runner.sequential_runner - INFO - Completed 5 out of 6 tasks
2025-04-29 19:27:50,046 - kedro.io.data_catalog - INFO - Loading data from t_patients (SQLTableDataset)...
2025-04-29 19:27:50,217 - kedro.pipeline.node - INFO - Running node: clean_patients_data: clean_patients_data([t_patients]) -> [t_patients_cleaned]
2025-04-29 19:27:50,218 - kedro.pipeline.node - ERROR - Node clean_patients_data: clean_patients_data([t_patients]) -> [t_patients_cleaned] failed with error: 
'DataFrame' object has no attribute 'load'
2025-04-29 19:27:50,232 - kedro.runner.sequential_runner - WARNING - There are 1 nodes that have not run.
You can resume the pipeline run from the nearest nodes with persisted inputs by adding the following argument to your previous command:
  --from-nodes "clean_patients_data"
2025-04-29 19:28:58,295 - kedro.framework.project - INFO - Using 'conf/logging.yml' as logging configuration. You can change this by setting the KEDRO_LOGGING_CONFIG environment variable accordingly.
2025-04-29 19:28:58,671 - py.warnings - WARNING - /Users/Vihangam_Agarwal/.conda/envs/ch_env/lib/python3.10/site-packages/kedro/io/data_catalog.py:165: KedroDeprecationWarning: `DataCatalog` has been deprecated and will be replaced by `KedroDataCatalog`, in Kedro 1.0.0.Currently some `KedroDataCatalog` APIs have been retained for compatibility with `DataCatalog`, including the `datasets` property and the `get_datasets`, `_get_datasets`, `add`,` list`, `add_feed_dict`, and `shallow_copy` methods. These will be removed or replaced with updated alternatives in Kedro 1.0.0. For more details, refer to the documentation: https://docs.kedro.org/en/stable/data/index.html#kedrodatacatalog-experimental-feature
  warnings.warn(

2025-04-29 19:28:58,887 - py.warnings - WARNING - /Users/Vihangam_Agarwal/.conda/envs/ch_env/lib/python3.10/site-packages/kedro/io/data_catalog.py:165: KedroDeprecationWarning: `DataCatalog` has been deprecated and will be replaced by `KedroDataCatalog`, in Kedro 1.0.0.Currently some `KedroDataCatalog` APIs have been retained for compatibility with `DataCatalog`, including the `datasets` property and the `get_datasets`, `_get_datasets`, `add`,` list`, `add_feed_dict`, and `shallow_copy` methods. These will be removed or replaced with updated alternatives in Kedro 1.0.0. For more details, refer to the documentation: https://docs.kedro.org/en/stable/data/index.html#kedrodatacatalog-experimental-feature
  warnings.warn(

2025-04-29 19:29:01,373 - kedro.framework.project - INFO - Using 'conf/logging.yml' as logging configuration. You can change this by setting the KEDRO_LOGGING_CONFIG environment variable accordingly.
2025-04-29 19:29:02,349 - py.warnings - WARNING - /Users/Vihangam_Agarwal/.conda/envs/ch_env/lib/python3.10/site-packages/kedro/io/data_catalog.py:165: KedroDeprecationWarning: `DataCatalog` has been deprecated and will be replaced by `KedroDataCatalog`, in Kedro 1.0.0.Currently some `KedroDataCatalog` APIs have been retained for compatibility with `DataCatalog`, including the `datasets` property and the `get_datasets`, `_get_datasets`, `add`,` list`, `add_feed_dict`, and `shallow_copy` methods. These will be removed or replaced with updated alternatives in Kedro 1.0.0. For more details, refer to the documentation: https://docs.kedro.org/en/stable/data/index.html#kedrodatacatalog-experimental-feature
  warnings.warn(

2025-04-29 19:29:03,244 - py.warnings - WARNING - /Users/Vihangam_Agarwal/.conda/envs/ch_env/lib/python3.10/site-packages/kedro/io/data_catalog.py:165: KedroDeprecationWarning: `DataCatalog` has been deprecated and will be replaced by `KedroDataCatalog`, in Kedro 1.0.0.Currently some `KedroDataCatalog` APIs have been retained for compatibility with `DataCatalog`, including the `datasets` property and the `get_datasets`, `_get_datasets`, `add`,` list`, `add_feed_dict`, and `shallow_copy` methods. These will be removed or replaced with updated alternatives in Kedro 1.0.0. For more details, refer to the documentation: https://docs.kedro.org/en/stable/data/index.html#kedrodatacatalog-experimental-feature
  warnings.warn(

2025-04-29 19:29:08,917 - kedro_telemetry.plugin - INFO - Kedro is sending anonymous usage data with the sole purpose of improving the product. No personal data or IP addresses are stored on our side. If you want to opt out, set the `KEDRO_DISABLE_TELEMETRY` or `DO_NOT_TRACK` environment variables, or create a `.telemetry` file in the current working directory with the contents `consent: false`. Read more at https://docs.kedro.org/en/stable/configuration/telemetry.html
2025-04-29 23:40:23,234 - kedro.framework.project - INFO - Using 'conf/logging.yml' as logging configuration. You can change this by setting the KEDRO_LOGGING_CONFIG environment variable accordingly.
2025-04-29 23:40:24,101 - py.warnings - WARNING - /Users/Vihangam_Agarwal/.conda/envs/ch_env/lib/python3.10/site-packages/kedro/io/data_catalog.py:165: KedroDeprecationWarning: `DataCatalog` has been deprecated and will be replaced by `KedroDataCatalog`, in Kedro 1.0.0.Currently some `KedroDataCatalog` APIs have been retained for compatibility with `DataCatalog`, including the `datasets` property and the `get_datasets`, `_get_datasets`, `add`,` list`, `add_feed_dict`, and `shallow_copy` methods. These will be removed or replaced with updated alternatives in Kedro 1.0.0. For more details, refer to the documentation: https://docs.kedro.org/en/stable/data/index.html#kedrodatacatalog-experimental-feature
  warnings.warn(

2025-04-29 23:40:24,361 - py.warnings - WARNING - /Users/Vihangam_Agarwal/.conda/envs/ch_env/lib/python3.10/site-packages/kedro/io/data_catalog.py:165: KedroDeprecationWarning: `DataCatalog` has been deprecated and will be replaced by `KedroDataCatalog`, in Kedro 1.0.0.Currently some `KedroDataCatalog` APIs have been retained for compatibility with `DataCatalog`, including the `datasets` property and the `get_datasets`, `_get_datasets`, `add`,` list`, `add_feed_dict`, and `shallow_copy` methods. These will be removed or replaced with updated alternatives in Kedro 1.0.0. For more details, refer to the documentation: https://docs.kedro.org/en/stable/data/index.html#kedrodatacatalog-experimental-feature
  warnings.warn(

2025-04-29 23:40:24,688 - kedro.framework.session.session - INFO - Kedro project ch
2025-04-29 23:40:30,978 - py.warnings - WARNING - /Users/Vihangam_Agarwal/.conda/envs/ch_env/lib/python3.10/site-packages/kedro/io/data_catalog.py:165: KedroDeprecationWarning: `DataCatalog` has been deprecated and will be replaced by `KedroDataCatalog`, in Kedro 1.0.0.Currently some `KedroDataCatalog` APIs have been retained for compatibility with `DataCatalog`, including the `datasets` property and the `get_datasets`, `_get_datasets`, `add`,` list`, `add_feed_dict`, and `shallow_copy` methods. These will be removed or replaced with updated alternatives in Kedro 1.0.0. For more details, refer to the documentation: https://docs.kedro.org/en/stable/data/index.html#kedrodatacatalog-experimental-feature
  warnings.warn(

2025-04-29 23:40:30,996 - kedro_telemetry.plugin - INFO - Kedro is sending anonymous usage data with the sole purpose of improving the product. No personal data or IP addresses are stored on our side. If you want to opt out, set the `KEDRO_DISABLE_TELEMETRY` or `DO_NOT_TRACK` environment variables, or create a `.telemetry` file in the current working directory with the contents `consent: false`. Read more at https://docs.kedro.org/en/stable/configuration/telemetry.html
2025-04-29 23:40:31,966 - kedro.runner.sequential_runner - INFO - Using synchronous mode for loading and saving data. Use the --async flag for potential performance gains. https://docs.kedro.org/en/stable/nodes_and_pipelines/run_a_pipeline.html#load-and-save-asynchronously
2025-04-29 23:40:31,968 - kedro.io.data_catalog - INFO - Loading data from conditions (ExcelDataset)...
2025-04-29 23:40:33,363 - kedro.pipeline.node - INFO - Running node: write_conditions_to_db: write_to_db([conditions]) -> [t_conditions]
2025-04-29 23:40:33,374 - kedro.io.data_catalog - INFO - Saving data to t_conditions (SQLTableDataset)...
2025-04-29 23:40:34,578 - kedro.runner.sequential_runner - INFO - Completed node: write_conditions_to_db
2025-04-29 23:40:34,579 - kedro.runner.sequential_runner - INFO - Completed 1 out of 6 tasks
2025-04-29 23:40:34,580 - kedro.io.data_catalog - INFO - Loading data from encounters (ParquetDataset)...
2025-04-29 23:40:34,897 - kedro.pipeline.node - INFO - Running node: write_encounters_to_db: write_to_db([encounters]) -> [t_encounters]
2025-04-29 23:40:34,921 - kedro.io.data_catalog - INFO - Saving data to t_encounters (SQLTableDataset)...
2025-04-29 23:40:38,656 - kedro.runner.sequential_runner - INFO - Completed node: write_encounters_to_db
2025-04-29 23:40:38,657 - kedro.runner.sequential_runner - INFO - Completed 2 out of 6 tasks
2025-04-29 23:40:38,658 - kedro.io.data_catalog - INFO - Loading data from medications (CSVDataset)...
2025-04-29 23:40:38,788 - kedro.pipeline.node - INFO - Running node: write_medications_to_db: write_to_db([medications]) -> [t_medications]
2025-04-29 23:40:38,809 - kedro.io.data_catalog - INFO - Saving data to t_medications (SQLTableDataset)...
2025-04-29 23:40:39,550 - kedro.runner.sequential_runner - INFO - Completed node: write_medications_to_db
2025-04-29 23:40:39,551 - kedro.runner.sequential_runner - INFO - Completed 3 out of 6 tasks
2025-04-29 23:40:39,552 - kedro.io.data_catalog - INFO - Loading data from patients (CSVDataset)...
2025-04-29 23:40:39,632 - kedro.pipeline.node - INFO - Running node: write_patients_to_db: write_to_db([patients]) -> [t_patients]
2025-04-29 23:40:39,665 - kedro.io.data_catalog - INFO - Saving data to t_patients (SQLTableDataset)...
2025-04-29 23:40:40,331 - kedro.runner.sequential_runner - INFO - Completed node: write_patients_to_db
2025-04-29 23:40:40,332 - kedro.runner.sequential_runner - INFO - Completed 4 out of 6 tasks
2025-04-29 23:40:40,333 - kedro.io.data_catalog - INFO - Loading data from symptoms (CSVDataset)...
2025-04-29 23:40:40,349 - kedro.pipeline.node - INFO - Running node: write_symptoms_to_db: write_to_db([symptoms]) -> [t_symptoms]
2025-04-29 23:40:40,362 - kedro.io.data_catalog - INFO - Saving data to t_symptoms (SQLTableDataset)...
2025-04-29 23:40:40,410 - kedro.runner.sequential_runner - INFO - Completed node: write_symptoms_to_db
2025-04-29 23:40:40,411 - kedro.runner.sequential_runner - INFO - Completed 5 out of 6 tasks
2025-04-29 23:40:40,412 - kedro.io.data_catalog - INFO - Loading data from t_patients (SQLTableDataset)...
2025-04-29 23:40:40,496 - kedro.pipeline.node - INFO - Running node: clean_patients_data: clean_patients_data([t_patients]) -> [t_patients_cleaned]
2025-04-29 23:40:40,497 - kedro.pipeline.node - ERROR - Node clean_patients_data: clean_patients_data([t_patients]) -> [t_patients_cleaned] failed with error: 
'DataFrame' object has no attribute 'load'
2025-04-29 23:40:40,510 - kedro.runner.sequential_runner - WARNING - There are 1 nodes that have not run.
You can resume the pipeline run from the nearest nodes with persisted inputs by adding the following argument to your previous command:
  --from-nodes "clean_patients_data"
